<?xml version="1.0" encoding="UTF-8"?>
<!-- Generated by org.testng.reporters.JUnitReportReporter -->
<testsuite hostname="ApurboKabbo" failures="0" tests="1" name="testcases.LoginSignUpPageTestCases" time="10.539" errors="0" timestamp="2024-03-09T21:19:52 BDT" skipped="0">
  <testcase classname="testcases.LoginSignUpPageTestCases" name="loginAndSignUpPageTextAssertion" time="10.539"/>
  <system-out/>
</testsuite> <!-- testcases.LoginSignUpPageTestCases -->
