<?xml version="1.0" encoding="UTF-8"?>
<!-- Generated by org.testng.reporters.JUnitReportReporter -->
<testsuite hostname="ApurboKabbo" failures="0" tests="1" name="testcases.LandingPageTestCases" time="14.388" errors="0" timestamp="2024-02-13T00:49:19 BDT" skipped="0">
  <testcase classname="testcases.LandingPageTestCases" name="landingScreenVisit" time="14.388"/>
  <system-out/>
</testsuite> <!-- testcases.LandingPageTestCases -->
